<?xml version="1.0" encoding="UTF-8"?>
<testng-results ignored="0" total="1" passed="1" failed="0" skipped="0">
  <reporter-output>
  </reporter-output>
  <suite started-at="2020-04-05T21:53:50 EDT" name="Default suite" finished-at="2020-04-05T21:53:50 EDT" duration-ms="271">
    <groups>
    </groups>
    <test started-at="2020-04-05T21:53:50 EDT" name="Default test" finished-at="2020-04-05T21:53:50 EDT" duration-ms="271">
      <class name="ebank.automation.JavaStreamUsageExample">
        <test-method signature="JavaStreamUsage()[pri:0, instance:ebank.automation.JavaStreamUsageExample@43ee72e6]" started-at="2020-04-05T21:53:50 EDT" name="JavaStreamUsage" finished-at="2020-04-05T21:53:50 EDT" duration-ms="191" status="PASS">
          <reporter-output>
          </reporter-output>
        </test-method> <!-- JavaStreamUsage -->
      </class> <!-- ebank.automation.JavaStreamUsageExample -->
    </test> <!-- Default test -->
  </suite> <!-- Default suite -->
</testng-results>
